2023-12-24 18:21:19,522 - INFO - 
----------------------------------------------------------------------------------------------------
2023-12-24 18:21:19,523 - INFO - Started New Trading Session
2023-12-24 18:21:19,524 - INFO - Getting  candles for: EUR_USD
2023-12-24 18:21:19,524 - DEBUG - Getting candles for EUR_USD, from 2023-12-19 23:21:19 to 2023-12-24 23:21:19
2023-12-24 18:21:20,533 - DEBUG - starting df
2023-12-24 18:21:20,533 - DEBUG -                      EUR_USD
time                        
2023-12-19 23:21:00  1.09814
2023-12-19 23:22:00  1.09808
2023-12-19 23:23:00  1.09814
2023-12-19 23:24:00  1.09814
2023-12-19 23:25:00  1.09813
...                      ...
2023-12-22 21:53:00  1.10129
2023-12-22 21:54:00  1.10126
2023-12-22 21:55:00  1.10132
2023-12-22 21:56:00  1.10139
2023-12-22 21:57:00  1.10146

[4220 rows x 1 columns]
2023-12-24 18:21:20,546 - INFO - Define strategy for the first time
2023-12-24 18:21:20,549 - INFO - new Bollinger Band  - lower: 1.1008840957848194, upper: 1.1013949042151805
2023-12-24 18:21:20,550 - INFO - Starting Refresh Strategy Thread
2023-12-24 18:21:20,552 - INFO - Refreshing Strategy
2023-12-24 18:21:20,552 - INFO - Check  Positions
2023-12-24 18:21:20,553 - DEBUG - inside check_positions
2023-12-24 18:21:20,656 - INFO - Currently have: 0 position of EUR_USD
2023-12-24 18:21:20,656 - INFO - Starting to stream for: EUR_USD
2023-12-24 18:21:21,113 - DEBUG - 1 ----- time: 2023-12-22T21:58:00.107117668Z  ---- ask: 1.10159 ----- bid: 1.10132
2023-12-24 18:21:21,117 - DEBUG - Don't have any positions, checking if need to open
2023-12-24 18:21:21,117 - DEBUG - Trade Action: Trade_Action: instrument: EUR_USD, signal: 0, price: None, target: None, spread: 0.00026999999999999247
2023-12-24 18:21:21,120 - INFO - Finished Trading Session
2023-12-24 18:21:21,121 - INFO - 
----------------------------------------------------------------------------------------------------
2023-12-24 18:22:20,552 - DEBUG - inside check_positions
2023-12-24 18:22:20,609 - INFO - Currently have: 0 position of EUR_USD
2023-12-24 18:22:20,610 - DEBUG - Before resampling
2023-12-24 18:22:20,610 - DEBUG - [[Timestamp('2023-12-22 21:58:00.107117668'), 1.101455]]
2023-12-24 18:22:20,610 - DEBUG - Before resampling
2023-12-24 18:22:20,610 - DEBUG -                                 EUR_USD
time                                   
2023-12-22 21:58:00.107117668  1.101455
2023-12-24 18:22:20,617 - DEBUG - After resampling
2023-12-24 18:22:20,617 - DEBUG -                       EUR_USD
time                         
2023-12-22 21:58:00  1.101455
2023-12-24 18:22:20,617 - DEBUG - Concatenated
2023-12-24 18:22:20,617 - DEBUG -                       EUR_USD       SMA     Lower     Upper  signal
time                                                               
2023-12-22 18:38:00  1.101320       NaN       NaN       NaN     0.0
2023-12-22 18:39:00  1.101280       NaN       NaN       NaN     0.0
2023-12-22 18:40:00  1.101140       NaN       NaN       NaN     0.0
2023-12-22 18:41:00  1.101240       NaN       NaN       NaN     0.0
2023-12-22 18:42:00  1.101270       NaN       NaN       NaN     0.0
...                       ...       ...       ...       ...     ...
2023-12-22 21:54:00  1.101260  1.101138  1.100888  1.101387     0.0
2023-12-22 21:55:00  1.101320  1.101136  1.100892  1.101381     0.0
2023-12-22 21:56:00  1.101390  1.101137  1.100889  1.101385    -1.0
2023-12-22 21:57:00  1.101460  1.101139  1.100884  1.101395    -1.0
2023-12-22 21:58:00  1.101455       NaN       NaN       NaN     NaN

[201 rows x 5 columns]
2023-12-24 18:22:20,634 - INFO - new Bollinger Band  - lower: 1.100879323884614, upper: 1.1014053761153864
