2023-12-21 19:27:11,031 - INFO - 
----------------------------------------------------------------------------------------------------
2023-12-21 19:27:11,031 - INFO - Started New Trading Session
2023-12-21 19:27:11,031 - INFO - Getting  candles for: EUR_USD
2023-12-21 19:27:11,031 - DEBUG - Getting candles for EUR_USD, from 2023-12-21 00:27:11 to 2023-12-22 00:27:11
2023-12-21 19:27:11,796 - DEBUG - starting df
2023-12-21 19:27:11,796 - DEBUG -                      EUR_USD
time                        
2023-12-21 00:27:00  1.09461
2023-12-21 00:28:00  1.09456
2023-12-21 00:29:00  1.09470
2023-12-21 00:30:00  1.09470
2023-12-21 00:31:00  1.09476
...                      ...
2023-12-22 00:22:00  1.10066
2023-12-22 00:23:00  1.10072
2023-12-22 00:24:00  1.10088
2023-12-22 00:25:00  1.10092
2023-12-22 00:26:00  1.10087

[1430 rows x 1 columns]
2023-12-21 19:27:11,796 - INFO - Define strategy for the first time
2023-12-21 19:27:11,812 - INFO - new Bollinger Band  - lower: 1.1004735282547007, upper: 1.1011812717452993
2023-12-21 19:27:11,812 - DEBUG - After defining strategy
2023-12-21 19:27:11,812 - DEBUG -                      EUR_USD       SMA     Lower     Upper  signal
time                                                              
2023-12-21 20:57:00  1.10030       NaN       NaN       NaN     0.0
2023-12-21 20:58:00  1.10032       NaN       NaN       NaN     0.0
2023-12-21 20:59:00  1.10031       NaN       NaN       NaN     0.0
2023-12-21 21:00:00  1.10031       NaN       NaN       NaN     0.0
2023-12-21 21:01:00  1.10030       NaN       NaN       NaN     0.0
...                      ...       ...       ...       ...     ...
2023-12-22 00:22:00  1.10066  1.100832  1.100476  1.101188    -1.0
2023-12-22 00:23:00  1.10072  1.100830  1.100473  1.101186    -1.0
2023-12-22 00:24:00  1.10088  1.100829  1.100473  1.101184    -1.0
2023-12-22 00:25:00  1.10092  1.100828  1.100474  1.101183    -1.0
2023-12-22 00:26:00  1.10087  1.100827  1.100474  1.101181    -1.0

[200 rows x 5 columns]
2023-12-21 19:27:11,812 - INFO - Check  Positions
2023-12-21 19:27:11,812 - DEBUG - inside check_positions
2023-12-21 19:27:11,887 - INFO - Starting to stream for: EUR_USD
2023-12-21 19:27:12,246 - DEBUG - 1 ----- time: 2023-12-22 00:26:49  ---- ask: 1.10095 ----- bid: 1.10079
2023-12-21 19:27:12,246 - DEBUG - Don't have any positions, checking if need to open
2023-12-21 19:27:15,385 - DEBUG - 2 ----- time: 2023-12-22 00:27:15  ---- ask: 1.10099 ----- bid: 1.10082
2023-12-21 19:27:15,385 - DEBUG - Don't have any positions, checking if need to open
2023-12-21 19:27:24,782 - DEBUG - 3 ----- time: 2023-12-22 00:27:24  ---- ask: 1.101 ----- bid: 1.10084
2023-12-21 19:27:24,782 - DEBUG - Don't have any positions, checking if need to open
2023-12-21 19:27:25,318 - DEBUG - 4 ----- time: 2023-12-22 00:27:24  ---- ask: 1.101 ----- bid: 1.10083
2023-12-21 19:27:25,318 - DEBUG - Don't have any positions, checking if need to open
2023-12-21 19:27:25,579 - DEBUG - 5 ----- time: 2023-12-22 00:27:25  ---- ask: 1.101 ----- bid: 1.10084
2023-12-21 19:27:25,579 - DEBUG - Don't have any positions, checking if need to open
2023-12-21 19:27:29,204 - DEBUG - 6 ----- time: 2023-12-22 00:27:28  ---- ask: 1.10103 ----- bid: 1.10087
2023-12-21 19:27:29,204 - DEBUG - Don't have any positions, checking if need to open
2023-12-21 19:27:33,984 - DEBUG - 7 ----- time: 2023-12-22 00:27:33  ---- ask: 1.10104 ----- bid: 1.10087
2023-12-21 19:27:33,984 - DEBUG - Don't have any positions, checking if need to open
2023-12-21 19:27:34,254 - DEBUG - 8 ----- time: 2023-12-22 00:27:33  ---- ask: 1.10103 ----- bid: 1.10087
2023-12-21 19:27:34,255 - DEBUG - Don't have any positions, checking if need to open
2023-12-21 19:27:34,549 - DEBUG - 9 ----- time: 2023-12-22 00:27:34  ---- ask: 1.10104 ----- bid: 1.10089
2023-12-21 19:27:34,551 - DEBUG - Don't have any positions, checking if need to open
2023-12-21 19:27:36,456 - DEBUG - 10 ----- time: 2023-12-22 00:27:36  ---- ask: 1.10106 ----- bid: 1.1009
2023-12-21 19:27:36,457 - DEBUG - Don't have any positions, checking if need to open
2023-12-21 19:27:36,459 - INFO - Finished Trading Session
2023-12-21 19:27:36,459 - INFO - 
----------------------------------------------------------------------------------------------------
