2023-12-21 19:27:43,228 - INFO - 
----------------------------------------------------------------------------------------------------
2023-12-21 19:27:43,228 - INFO - Started New Trading Session
2023-12-21 19:27:43,228 - INFO - Getting  candles for: EUR_USD
2023-12-21 19:27:43,228 - DEBUG - Getting candles for EUR_USD, from 2023-12-21 00:27:43 to 2023-12-22 00:27:43
2023-12-21 19:27:43,708 - DEBUG - starting df
2023-12-21 19:27:43,708 - DEBUG -                      EUR_USD
time                        
2023-12-21 00:27:00  1.09461
2023-12-21 00:28:00  1.09456
2023-12-21 00:29:00  1.09470
2023-12-21 00:30:00  1.09470
2023-12-21 00:31:00  1.09476
...                      ...
2023-12-22 00:23:00  1.10072
2023-12-22 00:24:00  1.10088
2023-12-22 00:25:00  1.10092
2023-12-22 00:26:00  1.10087
2023-12-22 00:27:00  1.10098

[1431 rows x 1 columns]
2023-12-21 19:27:43,725 - INFO - Define strategy for the first time
2023-12-21 19:27:43,725 - INFO - new Bollinger Band  - lower: 1.1004734029995178, upper: 1.101181797000482
2023-12-21 19:27:43,725 - DEBUG - After defining strategy
2023-12-21 19:27:43,725 - DEBUG -                      EUR_USD       SMA     Lower     Upper  signal  distance
time                                                                        
2023-12-21 20:58:00  1.10032       NaN       NaN       NaN     0.0       NaN
2023-12-21 20:59:00  1.10031       NaN       NaN       NaN     0.0       NaN
2023-12-21 21:00:00  1.10031       NaN       NaN       NaN     0.0       NaN
2023-12-21 21:01:00  1.10030       NaN       NaN       NaN     0.0       NaN
2023-12-21 21:02:00  1.10034       NaN       NaN       NaN     0.0       NaN
...                      ...       ...       ...       ...     ...       ...
2023-12-22 00:23:00  1.10072  1.100829  1.100473  1.101186    -1.0  0.000247
2023-12-22 00:24:00  1.10088  1.100829  1.100473  1.101184    -1.0  0.000407
2023-12-22 00:25:00  1.10092  1.100828  1.100474  1.101183    -1.0  0.000446
2023-12-22 00:26:00  1.10087  1.100827  1.100474  1.101181    -1.0  0.000396
2023-12-22 00:27:00  1.10098  1.100828  1.100473  1.101182    -1.0  0.000507

[200 rows x 6 columns]
2023-12-21 19:27:43,744 - INFO - Check  Positions
2023-12-21 19:27:43,744 - DEBUG - inside check_positions
2023-12-21 19:27:43,816 - INFO - Starting to stream for: EUR_USD
2023-12-21 19:27:44,120 - DEBUG - 1 ----- time: 2023-12-22 00:27:37  ---- ask: 1.10106 ----- bid: 1.10089
2023-12-21 19:27:46,879 - DEBUG - 2 ----- time: 2023-12-22 00:27:46  ---- ask: 1.10103 ----- bid: 1.10087
2023-12-21 19:27:48,133 - DEBUG - 3 ----- time: 2023-12-22 00:27:47  ---- ask: 1.10105 ----- bid: 1.10087
2023-12-21 19:27:49,140 - DEBUG - 4 ----- time: 2023-12-22 00:27:48  ---- ask: 1.10104 ----- bid: 1.10087
2023-12-21 19:27:51,425 - DEBUG - 5 ----- time: 2023-12-22 00:27:51  ---- ask: 1.10105 ----- bid: 1.10087
2023-12-21 19:27:54,180 - DEBUG - 6 ----- time: 2023-12-22 00:27:53  ---- ask: 1.10104 ----- bid: 1.10087
2023-12-21 19:27:55,696 - DEBUG - 7 ----- time: 2023-12-22 00:27:55  ---- ask: 1.10105 ----- bid: 1.10087
2023-12-21 19:27:55,936 - DEBUG - 8 ----- time: 2023-12-22 00:27:55  ---- ask: 1.10105 ----- bid: 1.10088
2023-12-21 19:28:11,601 - DEBUG - 9 ----- time: 2023-12-22 00:28:11  ---- ask: 1.10102 ----- bid: 1.10085
2023-12-21 19:28:13,927 - DEBUG - 10 ----- time: 2023-12-22 00:28:13  ---- ask: 1.10103 ----- bid: 1.10085
2023-12-21 19:28:13,930 - INFO - Finished Trading Session
2023-12-21 19:28:13,930 - INFO - 
----------------------------------------------------------------------------------------------------
